This file contains any messages produced by compilers while
running configure, to aid debugging if configure makes a mistake.

It was created by Libint2 configure 2.4.2, which was
generated by GNU Autoconf 2.69.  Invocation command line was

  $ ./configure 

## --------- ##
## Platform. ##
## --------- ##

hostname = fsp-soci-nk463.wireless.yale.internal
uname -m = x86_64
uname -r = 18.5.0
uname -s = Darwin
uname -v = Darwin Kernel Version 18.5.0: Mon Mar 11 20:40:32 PDT 2019; root:xnu-4903.251.3~3/RELEASE_X86_64

/usr/bin/uname -p = i386
/bin/uname -X     = unknown

/bin/arch              = unknown
/usr/bin/arch -k       = unknown
/usr/convex/getsysinfo = unknown
/usr/bin/hostinfo      = Mach kernel version:
	 Darwin Kernel Version 18.5.0: Mon Mar 11 20:40:32 PDT 2019; root:xnu-4903.251.3~3/RELEASE_X86_64
Kernel configured for up to 4 processors.
2 processors are physically available.
4 processors are logically available.
Processor type: x86_64h (Intel x86-64h Haswell)
Processors active: 0 1 2 3
Primary memory available: 16.00 gigabytes
Default processor set: 436 tasks, 1952 threads, 4 processors
Load average: 2.30, Mach factor: 1.71
/bin/machine           = unknown
/usr/bin/oslevel       = unknown
/bin/universe          = unknown

PATH: /usr/local/bin
PATH: /usr/bin
PATH: /bin
PATH: /usr/sbin
PATH: /sbin
PATH: /opt/X11/bin


## ----------- ##
## Core tests. ##
## ----------- ##

configure:2527: checking build system type
configure:2541: result: x86_64-apple-darwin18.5.0
configure:2561: checking host system type
configure:2574: result: x86_64-apple-darwin18.5.0
configure:2594: checking target system type
configure:2607: result: x86_64-apple-darwin18.5.0
configure:2821: result: Using standard ordering of solid harmonic Gaussians
configure:2849: checking whether make sets $(MAKE)
configure:2871: result: yes
configure:2894: checking for a BSD-compatible install
configure:2962: result: /usr/bin/install -c
configure:3016: checking for ranlib
configure:3032: found /usr/bin/ranlib
configure:3043: result: ranlib
configure:3068: WARNING: No C++ compiler was given! Will try to find one, but not guaranteed to be the best choice...
configure:3074: checking for clang++
configure:3090: found /usr/bin/clang++
configure:3101: result: clang++
configure:3228: checking for C++ compiler version
configure:3237: clang++ --version >&5
Apple LLVM version 10.0.1 (clang-1001.0.46.4)
Target: x86_64-apple-darwin18.5.0
Thread model: posix
InstalledDir: /Applications/Xcode.app/Contents/Developer/Toolchains/XcodeDefault.xctoolchain/usr/bin
configure:3248: $? = 0
configure:3237: clang++ -v >&5
Apple LLVM version 10.0.1 (clang-1001.0.46.4)
Target: x86_64-apple-darwin18.5.0
Thread model: posix
InstalledDir: /Applications/Xcode.app/Contents/Developer/Toolchains/XcodeDefault.xctoolchain/usr/bin
configure:3248: $? = 0
configure:3237: clang++ -V >&5
clang: error: unsupported option '-V -Wno-atomic-implicit-seq-cst'
clang: error: no input files
configure:3248: $? = 1
configure:3237: clang++ -qversion >&5
clang: error: unknown argument '-qversion', did you mean '--version'?
clang: error: no input files
configure:3248: $? = 1
configure:3268: checking whether the C++ compiler works
configure:3290: clang++    conftest.cpp  >&5
configure:3294: $? = 0
configure:3342: result: yes
configure:3345: checking for C++ compiler default output file name
configure:3347: result: a.out
configure:3353: checking for suffix of executables
configure:3360: clang++ -o conftest    conftest.cpp  >&5
configure:3364: $? = 0
configure:3386: result: 
configure:3408: checking whether we are cross compiling
configure:3416: clang++ -o conftest    conftest.cpp  >&5
configure:3420: $? = 0
configure:3427: ./conftest
configure:3431: $? = 0
configure:3446: result: no
configure:3451: checking for suffix of object files
configure:3473: clang++ -c   conftest.cpp >&5
configure:3477: $? = 0
configure:3498: result: o
configure:3502: checking whether we are using the GNU C++ compiler
configure:3521: clang++ -c   conftest.cpp >&5
configure:3521: $? = 0
configure:3530: result: yes
configure:3539: checking whether clang++ accepts -g
configure:3559: clang++ -c -g  conftest.cpp >&5
configure:3559: $? = 0
configure:3600: result: yes
configure:3628: checking how to run the C++ preprocessor
configure:3655: clang++ -E  conftest.cpp
configure:3655: $? = 0
configure:3669: clang++ -E  conftest.cpp
conftest.cpp:12:10: fatal error: 'ac_nonexistent.h' file not found
#include <ac_nonexistent.h>
         ^~~~~~~~~~~~~~~~~~
1 error generated.
configure:3669: $? = 1
configure: failed program was:
| /* confdefs.h */
| #define PACKAGE_NAME "Libint2"
| #define PACKAGE_TARNAME "libint2"
| #define PACKAGE_VERSION "2.4.2"
| #define PACKAGE_STRING "Libint2 2.4.2"
| #define PACKAGE_BUGREPORT "libint@valeyev.net"
| #define PACKAGE_URL ""
| #define LIBINT2_BUILDID ""
| #define LIBINT2_VERSION "2.4.2"
| #define LIBINT_SHGSHELL_ORDERING 1
| /* end confdefs.h.  */
| #include <ac_nonexistent.h>
configure:3694: result: clang++ -E
configure:3714: clang++ -E  conftest.cpp
configure:3714: $? = 0
configure:3728: clang++ -E  conftest.cpp
conftest.cpp:12:10: fatal error: 'ac_nonexistent.h' file not found
#include <ac_nonexistent.h>
         ^~~~~~~~~~~~~~~~~~
1 error generated.
configure:3728: $? = 1
configure: failed program was:
| /* confdefs.h */
| #define PACKAGE_NAME "Libint2"
| #define PACKAGE_TARNAME "libint2"
| #define PACKAGE_VERSION "2.4.2"
| #define PACKAGE_STRING "Libint2 2.4.2"
| #define PACKAGE_BUGREPORT "libint@valeyev.net"
| #define PACKAGE_URL ""
| #define LIBINT2_BUILDID ""
| #define LIBINT2_VERSION "2.4.2"
| #define LIBINT_SHGSHELL_ORDERING 1
| /* end confdefs.h.  */
| #include <ac_nonexistent.h>
configure:3760: checking for ar
configure:3776: found /usr/bin/ar
configure:3787: result: ar
configure:3799: WARNING: C++ optimization options are not given! For optimum performance give CXXFLAGS or use --with-cxx-optflags configure option
configure:3857: checking CXX for general C++11 support
configure:3886: clang++ -c  -O2 -DNDEBUG   conftest.cpp >&5
conftest.cpp:16:11: error: "no C++11 support"
        # error "no C++11 support"
          ^
conftest.cpp:18:9: warning: 'auto' type specifier is a C++11 extension [-Wc++11-extensions]
        auto f(int x, double y) -> decltype(x*y) {
        ^
conftest.cpp:18:33: error: expected function body after function declarator
        auto f(int x, double y) -> decltype(x*y) {
                                ^
1 warning and 2 errors generated.
configure:3886: $? = 1
configure: failed program was:
| /* confdefs.h */
| #define PACKAGE_NAME "Libint2"
| #define PACKAGE_TARNAME "libint2"
| #define PACKAGE_VERSION "2.4.2"
| #define PACKAGE_STRING "Libint2 2.4.2"
| #define PACKAGE_BUGREPORT "libint@valeyev.net"
| #define PACKAGE_URL ""
| #define LIBINT2_BUILDID ""
| #define LIBINT2_VERSION "2.4.2"
| #define LIBINT_SHGSHELL_ORDERING 1
| /* end confdefs.h.  */
| #include <vector>
|         #include <iostream>
|         #include "./include/libint2/util/cxxstd.h"
|         #if LIBINT2_CPLUSPLUS_STD < 2011
|         # error "no C++11 support"
|         #endif
|         auto f(int x, double y) -> decltype(x*y) {
|           return x*y;
|         }
| 
| int
| main ()
| {
| 
|        std::vector<double> reals(10, 0.0);
|        for (const auto &i: reals) {
|          std::cout << i << "\n";
|        }
| 
| 
|   ;
|   return 0;
| }
| 
configure:3928: clang++ -c  -O2 -DNDEBUG  -std=c++11  conftest.cpp >&5
configure:3928: $? = 0
configure:3930: result: yes (with -std=c++11)
configure:3958: checking for grep that handles long lines and -e
configure:4016: result: /usr/bin/grep
configure:4021: checking for egrep
configure:4083: result: /usr/bin/grep -E
configure:4088: checking for ANSI C header files
configure:4108: clang++ -c  -O2 -DNDEBUG  -std=c++11  conftest.cpp >&5
configure:4108: $? = 0
configure:4181: clang++ -o conftest  -O2 -DNDEBUG  -std=c++11   conftest.cpp  >&5
configure:4181: $? = 0
configure:4181: ./conftest
configure:4181: $? = 0
configure:4192: result: yes
configure:4205: checking for sys/types.h
configure:4205: clang++ -c  -O2 -DNDEBUG  -std=c++11  conftest.cpp >&5
configure:4205: $? = 0
configure:4205: result: yes
configure:4205: checking for sys/stat.h
configure:4205: clang++ -c  -O2 -DNDEBUG  -std=c++11  conftest.cpp >&5
configure:4205: $? = 0
configure:4205: result: yes
configure:4205: checking for stdlib.h
configure:4205: clang++ -c  -O2 -DNDEBUG  -std=c++11  conftest.cpp >&5
configure:4205: $? = 0
configure:4205: result: yes
configure:4205: checking for string.h
configure:4205: clang++ -c  -O2 -DNDEBUG  -std=c++11  conftest.cpp >&5
configure:4205: $? = 0
configure:4205: result: yes
configure:4205: checking for memory.h
configure:4205: clang++ -c  -O2 -DNDEBUG  -std=c++11  conftest.cpp >&5
configure:4205: $? = 0
configure:4205: result: yes
configure:4205: checking for strings.h
configure:4205: clang++ -c  -O2 -DNDEBUG  -std=c++11  conftest.cpp >&5
configure:4205: $? = 0
configure:4205: result: yes
configure:4205: checking for inttypes.h
configure:4205: clang++ -c  -O2 -DNDEBUG  -std=c++11  conftest.cpp >&5
configure:4205: $? = 0
configure:4205: result: yes
configure:4205: checking for stdint.h
configure:4205: clang++ -c  -O2 -DNDEBUG  -std=c++11  conftest.cpp >&5
configure:4205: $? = 0
configure:4205: result: yes
configure:4205: checking for unistd.h
configure:4205: clang++ -c  -O2 -DNDEBUG  -std=c++11  conftest.cpp >&5
configure:4205: $? = 0
configure:4205: result: yes
configure:4227: checking Eigen/Core usability
configure:4227: clang++ -c  -O2 -DNDEBUG  -std=c++11  conftest.cpp >&5
configure:4227: $? = 0
configure:4227: result: yes
configure:4227: checking Eigen/Core presence
configure:4227: clang++ -E  conftest.cpp
configure:4227: $? = 0
configure:4227: result: yes
configure:4227: checking for Eigen/Core
configure:4227: result: yes
configure:4230: checking if Eigen library is usable
configure:4253: clang++ -o conftest  -O2 -DNDEBUG  -std=c++11   conftest.cpp  >&5
configure:4253: $? = 0
configure:4262: result: yes
configure:4283: checking GNU c++ library/template flags
configure:4286: result: GNU
configure:4315: checking for ANSI C header files
configure:4419: result: yes
configure:4430: checking limits.h usability
configure:4430: clang++ -c  -O2 -DNDEBUG  -std=c++11  conftest.cpp >&5
configure:4430: $? = 0
configure:4430: result: yes
configure:4430: checking limits.h presence
configure:4430: clang++ -E  conftest.cpp
configure:4430: $? = 0
configure:4430: result: yes
configure:4430: checking for limits.h
configure:4430: result: yes
configure:4430: checking for stdint.h
configure:4430: result: yes
configure:4441: checking for size_t
configure:4441: clang++ -c  -O2 -DNDEBUG  -std=c++11  conftest.cpp >&5
configure:4441: $? = 0
configure:4441: clang++ -c  -O2 -DNDEBUG  -std=c++11  conftest.cpp >&5
conftest.cpp:63:21: error: expected expression
if (sizeof ((size_t)))
                    ^
1 error generated.
configure:4441: $? = 1
configure: failed program was:
| /* confdefs.h */
| #define PACKAGE_NAME "Libint2"
| #define PACKAGE_TARNAME "libint2"
| #define PACKAGE_VERSION "2.4.2"
| #define PACKAGE_STRING "Libint2 2.4.2"
| #define PACKAGE_BUGREPORT "libint@valeyev.net"
| #define PACKAGE_URL ""
| #define LIBINT2_BUILDID ""
| #define LIBINT2_VERSION "2.4.2"
| #define LIBINT_SHGSHELL_ORDERING 1
| #define LIBINT_HAS_CXX11 1
| #define STDC_HEADERS 1
| #define HAVE_SYS_TYPES_H 1
| #define HAVE_SYS_STAT_H 1
| #define HAVE_STDLIB_H 1
| #define HAVE_STRING_H 1
| #define HAVE_MEMORY_H 1
| #define HAVE_STRINGS_H 1
| #define HAVE_INTTYPES_H 1
| #define HAVE_STDINT_H 1
| #define HAVE_UNISTD_H 1
| #define LIBINT_HAS_EIGEN 1
| #define STDC_HEADERS 1
| #define HAVE_LIMITS_H 1
| #define HAVE_STDINT_H 1
| /* end confdefs.h.  */
| #include <stdio.h>
| #ifdef HAVE_SYS_TYPES_H
| # include <sys/types.h>
| #endif
| #ifdef HAVE_SYS_STAT_H
| # include <sys/stat.h>
| #endif
| #ifdef STDC_HEADERS
| # include <stdlib.h>
| # include <stddef.h>
| #else
| # ifdef HAVE_STDLIB_H
| #  include <stdlib.h>
| # endif
| #endif
| #ifdef HAVE_STRING_H
| # if !defined STDC_HEADERS && defined HAVE_MEMORY_H
| #  include <memory.h>
| # endif
| # include <string.h>
| #endif
| #ifdef HAVE_STRINGS_H
| # include <strings.h>
| #endif
| #ifdef HAVE_INTTYPES_H
| # include <inttypes.h>
| #endif
| #ifdef HAVE_STDINT_H
| # include <stdint.h>
| #endif
| #ifdef HAVE_UNISTD_H
| # include <unistd.h>
| #endif
| int
| main ()
| {
| if (sizeof ((size_t)))
| 	    return 0;
|   ;
|   return 0;
| }
configure:4441: result: yes
configure:4453: checking for posix_memalign
configure:4453: clang++ -o conftest  -O2 -DNDEBUG  -std=c++11   conftest.cpp  >&5
configure:4453: $? = 0
configure:4453: result: yes
configure:4595: checking for doxygen
configure:4629: result: no
configure:4636: checking for pdflatex
configure:4670: result: no
configure:4677: checking for pslatex
configure:4711: result: no
configure:4718: checking for dvips
configure:4752: result: no
configure:4759: checking for latex
configure:4793: result: no
configure:4800: checking for latex2html
configure:4834: result: no
configure:4841: checking for bibtex
configure:4875: result: no
configure:4884: checking for python
configure:4900: found /usr/bin/python
configure:4911: result: python
configure:4971: checking how to print strings
configure:4998: result: printf
configure:5067: checking for gcc
configure:5083: found /usr/bin/gcc
configure:5094: result: gcc
configure:5323: checking for C compiler version
configure:5332: gcc --version >&5
Apple LLVM version 10.0.1 (clang-1001.0.46.4)
Target: x86_64-apple-darwin18.5.0
Thread model: posix
InstalledDir: /Applications/Xcode.app/Contents/Developer/Toolchains/XcodeDefault.xctoolchain/usr/bin
Configured with: --prefix=/Applications/Xcode.app/Contents/Developer/usr --with-gxx-include-dir=/Applications/Xcode.app/Contents/Developer/Platforms/MacOSX.platform/Developer/SDKs/MacOSX10.14.sdk/usr/include/c++/4.2.1
configure:5343: $? = 0
configure:5332: gcc -v >&5
Configured with: --prefix=/Applications/Xcode.app/Contents/Developer/usr --with-gxx-include-dir=/Applications/Xcode.app/Contents/Developer/Platforms/MacOSX.platform/Developer/SDKs/MacOSX10.14.sdk/usr/include/c++/4.2.1
Apple LLVM version 10.0.1 (clang-1001.0.46.4)
Target: x86_64-apple-darwin18.5.0
Thread model: posix
InstalledDir: /Applications/Xcode.app/Contents/Developer/Toolchains/XcodeDefault.xctoolchain/usr/bin
configure:5343: $? = 0
configure:5332: gcc -V >&5
clang: error: unsupported option '-V -Wno-atomic-implicit-seq-cst'
clang: error: no input files
configure:5343: $? = 1
configure:5332: gcc -qversion >&5
clang: error: unknown argument '-qversion', did you mean '--version'?
clang: error: no input files
configure:5343: $? = 1
configure:5347: checking whether we are using the GNU C compiler
configure:5366: gcc -c   conftest.c >&5
configure:5366: $? = 0
configure:5375: result: yes
configure:5384: checking whether gcc accepts -g
configure:5404: gcc -c -g  conftest.c >&5
configure:5404: $? = 0
configure:5445: result: yes
configure:5462: checking for gcc option to accept ISO C89
configure:5525: gcc  -c -g -O2  conftest.c >&5
configure:5525: $? = 0
configure:5538: result: none needed
configure:5558: checking for a sed that does not truncate output
configure:5622: result: /usr/bin/sed
configure:5640: checking for fgrep
configure:5702: result: /usr/bin/grep -F
configure:5737: checking for ld used by gcc
configure:5804: result: /Applications/Xcode.app/Contents/Developer/Toolchains/XcodeDefault.xctoolchain/usr/bin/ld
configure:5811: checking if the linker (/Applications/Xcode.app/Contents/Developer/Toolchains/XcodeDefault.xctoolchain/usr/bin/ld) is GNU ld
configure:5826: result: no
configure:5838: checking for BSD- or MS-compatible name lister (nm)
configure:5892: result: /usr/bin/nm -B
configure:6022: checking the name lister (/usr/bin/nm -B) interface
configure:6029: clang++ -c  -O2 -DNDEBUG  -std=c++11  conftest.cpp >&5
configure:6032: /usr/bin/nm -B "conftest.o"
configure:6035: output
0000000000000000 S _some_variable
configure:6042: result: BSD nm
configure:6045: checking whether ln -s works
configure:6049: result: yes
configure:6057: checking the maximum length of command line arguments
configure:6188: result: 196608
configure:6236: checking how to convert x86_64-apple-darwin18.5.0 file names to x86_64-apple-darwin18.5.0 format
configure:6276: result: func_convert_file_noop
configure:6283: checking how to convert x86_64-apple-darwin18.5.0 file names to toolchain format
configure:6303: result: func_convert_file_noop
configure:6310: checking for /Applications/Xcode.app/Contents/Developer/Toolchains/XcodeDefault.xctoolchain/usr/bin/ld option to reload object files
configure:6317: result: -r
configure:6391: checking for objdump
configure:6407: found /usr/bin/objdump
configure:6418: result: objdump
configure:6450: checking how to recognize dependent libraries
configure:6650: result: pass_all
configure:6735: checking for dlltool
configure:6765: result: no
configure:6795: checking how to associate runtime and link libraries
configure:6822: result: printf %s\n
configure:6946: checking for archiver @FILE support
configure:6963: clang++ -c  -O2 -DNDEBUG  -std=c++11  conftest.cpp >&5
configure:6963: $? = 0
configure:6966: ar cru libconftest.a @conftest.lst >&5
ar: @conftest.lst: No such file or directory
configure:6969: $? = 1
configure:6989: result: no
configure:7047: checking for strip
configure:7063: found /usr/bin/strip
configure:7074: result: strip
configure:7146: checking for ranlib
configure:7173: result: ranlib
configure:7250: checking for gawk
configure:7280: result: no
configure:7250: checking for mawk
configure:7280: result: no
configure:7250: checking for nawk
configure:7280: result: no
configure:7250: checking for awk
configure:7266: found /usr/bin/awk
configure:7277: result: awk
configure:7317: checking command to parse /usr/bin/nm -B output from gcc object
configure:7470: clang++ -c  -O2 -DNDEBUG  -std=c++11  conftest.cpp >&5
configure:7473: $? = 0
configure:7477: /usr/bin/nm -B conftest.o \| sed -n -e 's/^.*[ ]\([BCDEGRST][BCDEGRST]*\)[ ][ ]*\([_A-Za-z][_A-Za-z0-9]*\)$/\1 \2 \2/p' | sed '/ __gnu_lto/d' \> conftest.nm
configure:7480: $? = 0
cannot find nm_test_var in conftest.nm
configure:7470: clang++ -c  -O2 -DNDEBUG  -std=c++11  conftest.cpp >&5
configure:7473: $? = 0
configure:7477: /usr/bin/nm -B conftest.o \| sed -n -e 's/^.*[ ]\([BCDEGRST][BCDEGRST]*\)[ ][ ]*_\([_A-Za-z][_A-Za-z0-9]*\)$/\1 _\2 \2/p' | sed '/ __gnu_lto/d' \> conftest.nm
configure:7480: $? = 0
configure:7546: clang++ -o conftest  -O2 -DNDEBUG  -std=c++11   conftest.cpp conftstm.o >&5
configure:7549: $? = 0
configure:7587: result: ok
configure:7634: checking for sysroot
configure:7664: result: no
configure:7671: checking for a working dd
configure:7709: result: /bin/dd
configure:7713: checking how to truncate binary pipes
configure:7728: result: /bin/dd bs=4096 count=1
configure:8058: checking for mt
configure:8088: result: no
configure:8108: checking if : is a manifest tool
configure:8114: : '-?'
configure:8122: result: no
configure:8178: checking for dsymutil
configure:8194: found /usr/bin/dsymutil
configure:8205: result: dsymutil
configure:8270: checking for nmedit
configure:8286: found /usr/bin/nmedit
configure:8297: result: nmedit
configure:8362: checking for lipo
configure:8378: found /usr/bin/lipo
configure:8389: result: lipo
configure:8454: checking for otool
configure:8470: found /usr/bin/otool
configure:8481: result: otool
configure:8546: checking for otool64
configure:8576: result: no
configure:8621: checking for -single_module linker flag
gcc -g -O2  -o libconftest.dylib -dynamiclib -Wl,-single_module conftest.c
configure:8654: result: yes
configure:8657: checking for -exported_symbols_list linker flag
configure:8677: clang++ -o conftest  -O2 -DNDEBUG  -std=c++11   -Wl,-exported_symbols_list,conftest.sym conftest.cpp -lm   >&5
configure:8677: $? = 0
configure:8687: result: yes
configure:8690: checking for -force_load linker flag
gcc -g -O2 -c -o conftest.o conftest.c
ar cru libconftest.a conftest.o
ranlib libconftest.a
gcc -g -O2  -o conftest conftest.c -Wl,-force_load,./libconftest.a
configure:8722: result: yes
configure:8796: checking for dlfcn.h
configure:8796: clang++ -c  -O2 -DNDEBUG  -std=c++11  conftest.cpp >&5
configure:8796: $? = 0
configure:8796: result: yes
configure:9061: checking for objdir
configure:9076: result: .libs
configure:9340: checking if gcc supports -fno-rtti -fno-exceptions
configure:9358: gcc -c -g -O2  -fno-rtti -fno-exceptions conftest.c >&5
configure:9362: $? = 0
configure:9375: result: yes
configure:9733: checking for gcc option to produce PIC
configure:9740: result: -fno-common -DPIC
configure:9748: checking if gcc PIC flag -fno-common -DPIC works
configure:9766: gcc -c -g -O2  -fno-common -DPIC -DPIC conftest.c >&5
configure:9770: $? = 0
configure:9783: result: yes
configure:9812: checking if gcc static flag -static works
configure:9840: result: no
configure:9855: checking if gcc supports -c -o file.o
configure:9876: gcc -c -g -O2  -o out/conftest2.o conftest.c >&5
configure:9880: $? = 0
configure:9902: result: yes
configure:9910: checking if gcc supports -c -o file.o
configure:9957: result: yes
configure:9990: checking whether the gcc linker (/Applications/Xcode.app/Contents/Developer/Toolchains/XcodeDefault.xctoolchain/usr/bin/ld) supports shared libraries
configure:11249: result: yes
configure:11489: checking dynamic linker characteristics
configure:12307: result: darwin18.5.0 dyld
configure:12429: checking how to hardcode library paths into programs
configure:12454: result: immediate
configure:13002: checking whether stripping libraries is possible
configure:13016: result: yes
configure:13042: checking if libtool supports shared libraries
configure:13044: result: yes
configure:13047: checking whether to build shared libraries
configure:13072: result: no
configure:13075: checking whether to build static libraries
configure:13079: result: yes
configure:13102: checking how to run the C++ preprocessor
configure:13168: result: clang++ -E
configure:13188: clang++ -E  conftest.cpp
configure:13188: $? = 0
configure:13202: clang++ -E  conftest.cpp
conftest.cpp:32:10: fatal error: 'ac_nonexistent.h' file not found
#include <ac_nonexistent.h>
         ^~~~~~~~~~~~~~~~~~
1 error generated.
configure:13202: $? = 1
configure: failed program was:
| /* confdefs.h */
| #define PACKAGE_NAME "Libint2"
| #define PACKAGE_TARNAME "libint2"
| #define PACKAGE_VERSION "2.4.2"
| #define PACKAGE_STRING "Libint2 2.4.2"
| #define PACKAGE_BUGREPORT "libint@valeyev.net"
| #define PACKAGE_URL ""
| #define LIBINT2_BUILDID ""
| #define LIBINT2_VERSION "2.4.2"
| #define LIBINT_SHGSHELL_ORDERING 1
| #define LIBINT_HAS_CXX11 1
| #define STDC_HEADERS 1
| #define HAVE_SYS_TYPES_H 1
| #define HAVE_SYS_STAT_H 1
| #define HAVE_STDLIB_H 1
| #define HAVE_STRING_H 1
| #define HAVE_MEMORY_H 1
| #define HAVE_STRINGS_H 1
| #define HAVE_INTTYPES_H 1
| #define HAVE_STDINT_H 1
| #define HAVE_UNISTD_H 1
| #define LIBINT_HAS_EIGEN 1
| #define STDC_HEADERS 1
| #define HAVE_LIMITS_H 1
| #define HAVE_STDINT_H 1
| #define HAVE_POSIX_MEMALIGN 1
| #define LIBINT2_ALIGN_SIZE 0
| #define LIBINT2_REALTYPE double
| #define HAVE_DLFCN_H 1
| #define LT_OBJDIR ".libs/"
| /* end confdefs.h.  */
| #include <ac_nonexistent.h>
configure:13364: checking for ld used by clang++
configure:13431: result: /Applications/Xcode.app/Contents/Developer/Toolchains/XcodeDefault.xctoolchain/usr/bin/ld
configure:13438: checking if the linker (/Applications/Xcode.app/Contents/Developer/Toolchains/XcodeDefault.xctoolchain/usr/bin/ld) is GNU ld
configure:13453: result: no
configure:13508: checking whether the clang++ linker (/Applications/Xcode.app/Contents/Developer/Toolchains/XcodeDefault.xctoolchain/usr/bin/ld) supports shared libraries
configure:14581: result: yes
configure:14617: clang++ -c  -O2 -DNDEBUG  -std=c++11  conftest.cpp >&5
configure:14620: $? = 0
configure:15101: checking for clang++ option to produce PIC
configure:15108: result: -fno-common -DPIC
configure:15116: checking if clang++ PIC flag -fno-common -DPIC works
configure:15134: clang++ -c  -O2 -DNDEBUG  -std=c++11  -fno-common -DPIC -DPIC conftest.cpp >&5
configure:15138: $? = 0
configure:15151: result: yes
configure:15174: checking if clang++ static flag -static works
configure:15202: result: no
configure:15214: checking if clang++ supports -c -o file.o
configure:15235: clang++ -c  -O2 -DNDEBUG  -std=c++11  -o out/conftest2.o conftest.cpp >&5
configure:15239: $? = 0
configure:15261: result: yes
configure:15266: checking if clang++ supports -c -o file.o
configure:15313: result: yes
configure:15343: checking whether the clang++ linker (/Applications/Xcode.app/Contents/Developer/Toolchains/XcodeDefault.xctoolchain/usr/bin/ld) supports shared libraries
configure:15383: result: yes
configure:15524: checking dynamic linker characteristics
configure:16269: result: darwin18.5.0 dyld
configure:16334: checking how to hardcode library paths into programs
configure:16359: result: immediate
configure:16459: creating ./config.status

## ---------------------- ##
## Running config.status. ##
## ---------------------- ##

This file was extended by Libint2 config.status 2.4.2, which was
generated by GNU Autoconf 2.69.  Invocation command line was

  CONFIG_FILES    = 
  CONFIG_HEADERS  = 
  CONFIG_LINKS    = 
  CONFIG_COMMANDS = 
  $ ./config.status 

on fsp-soci-nk463.wireless.yale.internal

config.status:1151: creating MakeVars
config.status:1151: creating MakeRules
config.status:1151: creating MakeSuffixRules
config.status:1151: creating doc/Makefile
config.status:1151: creating include/libint2/basis.h
config.status:1151: creating libint2.pc
config.status:1151: creating include/libint2/config.h
config.status:1340: executing libtool commands

## ---------------- ##
## Cache variables. ##
## ---------------- ##

ac_cv_build=x86_64-apple-darwin18.5.0
ac_cv_c_compiler_gnu=yes
ac_cv_cxx_compiler_gnu=yes
ac_cv_env_CCC_set=
ac_cv_env_CCC_value=
ac_cv_env_CC_set=
ac_cv_env_CC_value=
ac_cv_env_CFLAGS_set=
ac_cv_env_CFLAGS_value=
ac_cv_env_CPPFLAGS_set=
ac_cv_env_CPPFLAGS_value=
ac_cv_env_CXXCPP_set=
ac_cv_env_CXXCPP_value=
ac_cv_env_CXXFLAGS_set=
ac_cv_env_CXXFLAGS_value=
ac_cv_env_CXX_set=
ac_cv_env_CXX_value=
ac_cv_env_LDFLAGS_set=
ac_cv_env_LDFLAGS_value=
ac_cv_env_LIBS_set=
ac_cv_env_LIBS_value=
ac_cv_env_LT_SYS_LIBRARY_PATH_set=
ac_cv_env_LT_SYS_LIBRARY_PATH_value=
ac_cv_env_build_alias_set=
ac_cv_env_build_alias_value=
ac_cv_env_host_alias_set=
ac_cv_env_host_alias_value=
ac_cv_env_target_alias_set=
ac_cv_env_target_alias_value=
ac_cv_func_posix_memalign=yes
ac_cv_header_Eigen_Core=yes
ac_cv_header_dlfcn_h=yes
ac_cv_header_inttypes_h=yes
ac_cv_header_limits_h=yes
ac_cv_header_memory_h=yes
ac_cv_header_stdc=yes
ac_cv_header_stdint_h=yes
ac_cv_header_stdlib_h=yes
ac_cv_header_string_h=yes
ac_cv_header_strings_h=yes
ac_cv_header_sys_stat_h=yes
ac_cv_header_sys_types_h=yes
ac_cv_header_unistd_h=yes
ac_cv_host=x86_64-apple-darwin18.5.0
ac_cv_objext=o
ac_cv_path_EGREP='/usr/bin/grep -E'
ac_cv_path_FGREP='/usr/bin/grep -F'
ac_cv_path_GREP=/usr/bin/grep
ac_cv_path_SED=/usr/bin/sed
ac_cv_path_install='/usr/bin/install -c'
ac_cv_path_lt_DD=/bin/dd
ac_cv_prog_AR=ar
ac_cv_prog_AWK=awk
ac_cv_prog_CXX=clang++
ac_cv_prog_CXXCPP='clang++ -E'
ac_cv_prog_PYTHON=python
ac_cv_prog_ac_ct_CC=gcc
ac_cv_prog_ac_ct_DSYMUTIL=dsymutil
ac_cv_prog_ac_ct_LIPO=lipo
ac_cv_prog_ac_ct_NMEDIT=nmedit
ac_cv_prog_ac_ct_OBJDUMP=objdump
ac_cv_prog_ac_ct_OTOOL=otool
ac_cv_prog_ac_ct_RANLIB=ranlib
ac_cv_prog_ac_ct_STRIP=strip
ac_cv_prog_cc_c89=
ac_cv_prog_cc_g=yes
ac_cv_prog_cxx_g=yes
ac_cv_prog_make_make_set=yes
ac_cv_target=x86_64-apple-darwin18.5.0
ac_cv_type_size_t=yes
lt_cv_apple_cc_single_mod=yes
lt_cv_ar_at_file=no
lt_cv_deplibs_check_method=pass_all
lt_cv_file_magic_cmd='$MAGIC_CMD'
lt_cv_file_magic_test_file=
lt_cv_ld_exported_symbols_list=yes
lt_cv_ld_force_load=yes
lt_cv_ld_reload_flag=-r
lt_cv_nm_interface='BSD nm'
lt_cv_objdir=.libs
lt_cv_path_LD=/Applications/Xcode.app/Contents/Developer/Toolchains/XcodeDefault.xctoolchain/usr/bin/ld
lt_cv_path_LDCXX=/Applications/Xcode.app/Contents/Developer/Toolchains/XcodeDefault.xctoolchain/usr/bin/ld
lt_cv_path_NM='/usr/bin/nm -B'
lt_cv_path_mainfest_tool=no
lt_cv_prog_compiler_c_o=yes
lt_cv_prog_compiler_c_o_CXX=yes
lt_cv_prog_compiler_pic='-fno-common -DPIC'
lt_cv_prog_compiler_pic_CXX='-fno-common -DPIC'
lt_cv_prog_compiler_pic_works=yes
lt_cv_prog_compiler_pic_works_CXX=yes
lt_cv_prog_compiler_rtti_exceptions=yes
lt_cv_prog_compiler_static_works=no
lt_cv_prog_compiler_static_works_CXX=no
lt_cv_prog_gnu_ld=no
lt_cv_prog_gnu_ldcxx=no
lt_cv_sharedlib_from_linklib_cmd='printf %s\n'
lt_cv_sys_global_symbol_pipe='sed -n -e '\''s/^.*[	 ]\([BCDEGRST][BCDEGRST]*\)[	 ][	 ]*_\([_A-Za-z][_A-Za-z0-9]*\)$/\1 _\2 \2/p'\'' | sed '\''/ __gnu_lto/d'\'''
lt_cv_sys_global_symbol_to_c_name_address='sed -n -e '\''s/^: \(.*\) .*$/  {"\1", (void *) 0},/p'\'' -e '\''s/^[BCDEGRST][BCDEGRST]* .* \(.*\)$/  {"\1", (void *) \&\1},/p'\'''
lt_cv_sys_global_symbol_to_c_name_address_lib_prefix='sed -n -e '\''s/^: \(.*\) .*$/  {"\1", (void *) 0},/p'\'' -e '\''s/^[BCDEGRST][BCDEGRST]* .* \(lib.*\)$/  {"\1", (void *) \&\1},/p'\'' -e '\''s/^[BCDEGRST][BCDEGRST]* .* \(.*\)$/  {"lib\1", (void *) \&\1},/p'\'''
lt_cv_sys_global_symbol_to_cdecl='sed -n -e '\''s/^T .* \(.*\)$/extern int \1();/p'\'' -e '\''s/^[BCDEGRST][BCDEGRST]* .* \(.*\)$/extern char \1;/p'\'''
lt_cv_sys_global_symbol_to_import=
lt_cv_sys_max_cmd_len=196608
lt_cv_to_host_file_cmd=func_convert_file_noop
lt_cv_to_tool_file_cmd=func_convert_file_noop
lt_cv_truncate_bin='/bin/dd bs=4096 count=1'

## ----------------- ##
## Output variables. ##
## ----------------- ##

AR='ar'
ARFLAGS='r'
AWK='awk'
BIBTEX=''
BUILDID=''
CC='gcc'
CFLAGS='-g -O2'
CPPFLAGS=''
CXX='clang++'
CXXCPP='clang++ -E'
CXXDEPENDFLAGS='-M'
CXXDEPENDSUF='none'
CXXFLAGS=' -O2 -DNDEBUG  -std=c++11'
DATADIR_ABSOLUTE='NONE/share/libint/2.4.2'
DEFS='-DHAVE_CONFIG_H'
DLLTOOL='false'
DOXYGEN=''
DSYMUTIL='dsymutil'
DUMPBIN=''
DVIPS=''
ECHO_C='\c'
ECHO_N=''
ECHO_T=''
EGREP='/usr/bin/grep -E'
ENABLESHARED='yes'
EXEEXT=''
EXTRADEFINES='-D__COMPILING_LIBINT2=1'
EXTRAINCLUDE=''
FGREP='/usr/bin/grep -F'
GREP='/usr/bin/grep'
INSTALL_DATA='${INSTALL} -m 644'
INSTALL_PROGRAM='${INSTALL}'
INSTALL_SCRIPT='${INSTALL}'
LATEX2HTML=''
LATEX=''
LD='/Applications/Xcode.app/Contents/Developer/Toolchains/XcodeDefault.xctoolchain/usr/bin/ld'
LDFLAGS=''
LIBDIRS=''
LIBINT_BUILDID=''
LIBINT_HAS_CXX11='yes'
LIBINT_HAS_EIGEN='yes'
LIBINT_MAJOR_VERSION='2'
LIBINT_MICRO_VERSION='2'
LIBINT_MINOR_VERSION='4'
LIBINT_MMM_VERSION='2.4.2'
LIBINT_SO_VERSION='2:2:0'
LIBINT_VERSION='2.4.2'
LIBOBJS=''
LIBS='-lm  '
LIBSUF='la'
LIBTOOL='$(SHELL) $(top_builddir)/libtool'
LIPO='lipo'
LN_S='ln -s'
LTLIBOBJS=''
LT_SYS_LIBRARY_PATH=''
MANIFEST_TOOL=':'
NM='/usr/bin/nm -B'
NMEDIT='nmedit'
OBJDUMP='objdump'
OBJEXT='o'
OBJSUF='lo'
OTOOL64=':'
OTOOL='otool'
PACKAGE_BUGREPORT='libint@valeyev.net'
PACKAGE_NAME='Libint2'
PACKAGE_STRING='Libint2 2.4.2'
PACKAGE_TARNAME='libint2'
PACKAGE_URL=''
PACKAGE_VERSION='2.4.2'
PATH_SEPARATOR=':'
PDFLATEX=''
PKGCONFIGDIR='$(libdir)/pkgconfig'
PSLATEX=''
PYTHON='python'
RANLIB='ranlib'
SED='/usr/bin/sed'
SET_MAKE=''
SHELL='/bin/sh'
STRIP='strip'
ac_ct_AR=''
ac_ct_CC='gcc'
ac_ct_CXX=''
ac_ct_DUMPBIN=''
bindir='${exec_prefix}/bin'
build='x86_64-apple-darwin18.5.0'
build_alias=''
build_cpu='x86_64'
build_os='darwin18.5.0'
build_vendor='apple'
datadir='${datarootdir}'
datarootdir='${prefix}/share'
docdir='${datarootdir}/doc/${PACKAGE_TARNAME}'
dvidir='${docdir}'
exec_prefix='${prefix}'
host='x86_64-apple-darwin18.5.0'
host_alias=''
host_cpu='x86_64'
host_os='darwin18.5.0'
host_vendor='apple'
htmldir='${docdir}'
includedir='${prefix}/include'
infodir='${datarootdir}/info'
libdir='${exec_prefix}/lib'
libexecdir='${exec_prefix}/libexec'
libintincludedir='${prefix}/include'
localedir='${datarootdir}/locale'
localstatedir='${prefix}/var'
mandir='${datarootdir}/man'
oldincludedir='/usr/include'
pdfdir='${docdir}'
prefix='/usr/local/libint/2.4.2'
program_transform_name='s,x,x,'
psdir='${docdir}'
sbindir='${exec_prefix}/sbin'
sharedstatedir='${prefix}/com'
sysconfdir='${prefix}/etc'
target='x86_64-apple-darwin18.5.0'
target_alias=''
target_cpu='x86_64'
target_os='darwin18.5.0'
target_vendor='apple'

## ----------- ##
## confdefs.h. ##
## ----------- ##

/* confdefs.h */
#define PACKAGE_NAME "Libint2"
#define PACKAGE_TARNAME "libint2"
#define PACKAGE_VERSION "2.4.2"
#define PACKAGE_STRING "Libint2 2.4.2"
#define PACKAGE_BUGREPORT "libint@valeyev.net"
#define PACKAGE_URL ""
#define LIBINT2_BUILDID ""
#define LIBINT2_VERSION "2.4.2"
#define LIBINT_SHGSHELL_ORDERING 1
#define LIBINT_HAS_CXX11 1
#define STDC_HEADERS 1
#define HAVE_SYS_TYPES_H 1
#define HAVE_SYS_STAT_H 1
#define HAVE_STDLIB_H 1
#define HAVE_STRING_H 1
#define HAVE_MEMORY_H 1
#define HAVE_STRINGS_H 1
#define HAVE_INTTYPES_H 1
#define HAVE_STDINT_H 1
#define HAVE_UNISTD_H 1
#define LIBINT_HAS_EIGEN 1
#define STDC_HEADERS 1
#define HAVE_LIMITS_H 1
#define HAVE_STDINT_H 1
#define HAVE_POSIX_MEMALIGN 1
#define LIBINT2_ALIGN_SIZE 0
#define LIBINT2_REALTYPE double
#define HAVE_DLFCN_H 1
#define LT_OBJDIR ".libs/"

configure: exit 0
